/bin/bash: /Users/johnfranchak/Documents/GitHub/sip_dashboard/update_quarto.sh: Operation not permitted
/bin/bash: /Users/johnfranchak/Documents/GitHub/sip_dashboard/update_quarto.sh: Operation not permitted
/Users/johnfranchak/Documents/GitHub/sip_dashboard/update_quarto.sh: line 9: quarto: command not found
[main 6673861] Automated Quarto update: 2026-02-03 23:00:15
 4 files changed, 3 insertions(+)
 create mode 100644 docs/.DS_Store
 create mode 100644 docs/site_libs/.DS_Store
 create mode 100644 quarto_log.log
fatal: could not read Username for 'https://github.com': Device not configured
/usr/local/bin/quarto: line 129: sysctl: command not found
quarto script failed: unrecognized architecture 
[main 318f268] Automated Quarto update: 2026-02-04 00:00:01
 2 files changed, 10 insertions(+), 2 deletions(-)
fatal: could not read Username for 'https://github.com': Device not configured
/usr/local/bin/quarto: line 129: sysctl: command not found
quarto script failed: unrecognized architecture 
[main 6e98f8d] Automated Quarto update: 2026-02-04 01:00:05
 1 file changed, 5 insertions(+)
fatal: could not read Username for 'https://github.com': Device not configured
/usr/local/bin/quarto: line 129: sysctl: command not found
quarto script failed: unrecognized architecture 
[main 59a3985] Automated Quarto update: 2026-02-04 02:00:00
 1 file changed, 5 insertions(+)
fatal: could not read Username for 'https://github.com': Device not configured
/usr/local/bin/quarto: line 129: sysctl: command not found
quarto script failed: unrecognized architecture 
[main 5981e31] Automated Quarto update: 2026-02-04 03:00:00
 1 file changed, 5 insertions(+)
fatal: could not read Username for 'https://github.com': Device not configured
/usr/local/bin/quarto: line 129: sysctl: command not found
quarto script failed: unrecognized architecture 
[main 190a950] Automated Quarto update: 2026-02-04 04:00:00
 1 file changed, 5 insertions(+)
fatal: could not read Username for 'https://github.com': Device not configured
/usr/local/bin/quarto: line 129: sysctl: command not found
quarto script failed: unrecognized architecture 
[main 3062b6e] Automated Quarto update: 2026-02-04 05:00:05
 1 file changed, 5 insertions(+)
fatal: could not read Username for 'https://github.com': Device not configured
/usr/local/bin/quarto: line 129: sysctl: command not found
quarto script failed: unrecognized architecture 
[main d0e8e34] Automated Quarto update: 2026-02-04 06:00:00
 1 file changed, 5 insertions(+)
fatal: could not read Username for 'https://github.com': Device not configured
/usr/local/bin/quarto: line 129: sysctl: command not found
quarto script failed: unrecognized architecture 
[main 488e953] Automated Quarto update: 2026-02-04 07:00:00
 1 file changed, 5 insertions(+)
fatal: could not read Username for 'https://github.com': Device not configured
/usr/local/bin/quarto: line 129: sysctl: command not found
quarto script failed: unrecognized architecture 
[main 11bb8ce] Automated Quarto update: 2026-02-04 08:00:00
 1 file changed, 5 insertions(+)
To github.com:JohnFranchak/sip_dashboard.git
   488e953..11bb8ce  main -> main
/usr/local/bin/quarto: line 129: sysctl: command not found
quarto script failed: unrecognized architecture 
